<?xml version="1.0" encoding="UTF-8"?>
<!-- Generated by org.testng.reporters.JUnitXMLReporter -->
<testsuite ignored="0" hostname="DESKTOP-AI5S0JK" failures="0" tests="5" name="Default test" time="9.079" errors="0" timestamp="2023-08-07T09:12:39 IST">
  <testcase classname="UI.TestZNGImp" name="validateUsernameInputExists" time="0.022"/>
  <testcase classname="UI.TestZNGImp" name="validatePasswordInputExists" time="0.017"/>
  <testcase classname="UI.TestZNGImp" name="validateLoginButtonExists" time="0.017"/>
  <testcase classname="UI.TestZNGImp" name="validatePlaceholders" time="0.066"/>
  <testcase classname="UI.TestZNGImp" name="validateLoginButtonValue" time="0.032"/>
</testsuite> <!-- Default test -->
