<?xml version="1.0" encoding="UTF-8"?>
<!-- Generated by org.testng.reporters.JUnitXMLReporter -->
<testsuite ignored="0" hostname="DESKTOP-AI5S0JK" failures="0" tests="18" name="Login Page Testing" time="34.819" errors="0" timestamp="2023-08-07T09:08:34 IST">
  <testcase classname="UI.TestZNGImp" name="@BeforeMethod setUp" time="4.543">
    <failure type="org.openqa.selenium.remote.UnreachableBrowserException" message="Error communicating with the remote browser. It may have died.
Build info: version: &amp;apos;4.11.0&amp;apos;, revision: &amp;apos;040bc5406b&amp;apos;
System info: os.name: &amp;apos;Windows 10&amp;apos;, os.arch: &amp;apos;amd64&amp;apos;, os.version: &amp;apos;10.0&amp;apos;, java.version: &amp;apos;11.0.19&amp;apos;
Driver info: org.openqa.selenium.chrome.ChromeDriver
Command: [1b16ea0112e07b8144af79a7a8a0242f, get [url]]
Capabilities {acceptInsecureCerts: false, browserName: chrome, browserVersion: 115.0.5790.170, chrome: {chromedriverVersion: 115.0.5790.170 (cc0d30c2ca5..., userDataDir: C:\Users\deepa\AppData\Loca...}, goog:chromeOptions: {debuggerAddress: localhost:64937}, networkConnectionEnabled: false, pageLoadStrategy: normal, platformName: windows, proxy: Proxy(), se:cdp: ws://localhost:64937/devtoo..., se:cdpVersion: 115.0.5790.170, setWindowRect: true, strictFileInteractability: false, timeouts: {implicit: 0, pageLoad: 300000, script: 30000}, unhandledPromptBehavior: dismiss and notify, webauthn:extension:credBlob: true, webauthn:extension:largeBlob: true, webauthn:extension:minPinLength: true, webauthn:extension:prf: true, webauthn:virtualAuthenticators: true}
Session ID: 1b16ea0112e07b8144af79a7a8a0242f">
      <![CDATA[org.openqa.selenium.remote.UnreachableBrowserException: Error communicating with the remote browser. It may have died.
Build info: version: '4.11.0', revision: '040bc5406b'
System info: os.name: 'Windows 10', os.arch: 'amd64', os.version: '10.0', java.version: '11.0.19'
Driver info: org.openqa.selenium.chrome.ChromeDriver
Command: [1b16ea0112e07b8144af79a7a8a0242f, get [url]]
Capabilities {acceptInsecureCerts: false, browserName: chrome, browserVersion: 115.0.5790.170, chrome: {chromedriverVersion: 115.0.5790.170 (cc0d30c2ca5..., userDataDir: C:\Users\deepa\AppData\Loca...}, goog:chromeOptions: {debuggerAddress: localhost:64937}, networkConnectionEnabled: false, pageLoadStrategy: normal, platformName: windows, proxy: Proxy(), se:cdp: ws://localhost:64937/devtoo..., se:cdpVersion: 115.0.5790.170, setWindowRect: true, strictFileInteractability: false, timeouts: {implicit: 0, pageLoad: 300000, script: 30000}, unhandledPromptBehavior: dismiss and notify, webauthn:extension:credBlob: true, webauthn:extension:largeBlob: true, webauthn:extension:minPinLength: true, webauthn:extension:prf: true, webauthn:virtualAuthenticators: true}
Session ID: 1b16ea0112e07b8144af79a7a8a0242f
at org.openqa.selenium.remote.RemoteWebDriver.execute(RemoteWebDriver.java:545)
at org.openqa.selenium.remote.RemoteWebDriver.get(RemoteWebDriver.java:300)
at UI.TestZNGImp.setUp(TestZNGImp.java:27)
at java.base/java.util.ArrayList.forEach(ArrayList.java:1541)
Caused by: java.io.UncheckedIOException: java.io.IOException: An existing connection was forcibly closed by the remote host
at org.openqa.selenium.remote.http.netty.NettyHttpHandler.makeCall(NettyHttpHandler.java:73)
at org.openqa.selenium.remote.http.AddSeleniumUserAgent.lambda$apply$0(AddSeleniumUserAgent.java:42)
at org.openqa.selenium.remote.http.Filter.lambda$andFinally$1(Filter.java:55)
at org.openqa.selenium.remote.http.netty.NettyHttpHandler.execute(NettyHttpHandler.java:48)
at org.openqa.selenium.remote.http.netty.NettyClient.execute(NettyClient.java:96)
at org.openqa.selenium.remote.HttpCommandExecutor.execute(HttpCommandExecutor.java:188)
at org.openqa.selenium.remote.service.DriverCommandExecutor.invokeExecute(DriverCommandExecutor.java:196)
at org.openqa.selenium.remote.service.DriverCommandExecutor.execute(DriverCommandExecutor.java:171)
at org.openqa.selenium.remote.RemoteWebDriver.execute(RemoteWebDriver.java:518)
... 34 more
Caused by: java.io.IOException: An existing connection was forcibly closed by the remote host
at java.base/sun.nio.ch.SocketDispatcher.read0(Native Method)
at java.base/sun.nio.ch.SocketDispatcher.read(SocketDispatcher.java:43)
at java.base/sun.nio.ch.IOUtil.readIntoNativeBuffer(IOUtil.java:276)
at java.base/sun.nio.ch.IOUtil.read(IOUtil.java:233)
at java.base/sun.nio.ch.IOUtil.read(IOUtil.java:223)
at java.base/sun.nio.ch.SocketChannelImpl.read(SocketChannelImpl.java:358)
at io.netty.buffer.PooledByteBuf.setBytes(PooledByteBuf.java:256)
at io.netty.buffer.AbstractByteBuf.writeBytes(AbstractByteBuf.java:1132)
at io.netty.channel.socket.nio.NioSocketChannel.doReadBytes(NioSocketChannel.java:357)
at io.netty.channel.nio.AbstractNioByteChannel$NioByteUnsafe.read(AbstractNioByteChannel.java:151)
at io.netty.channel.nio.NioEventLoop.processSelectedKey(NioEventLoop.java:788)
at io.netty.channel.nio.NioEventLoop.processSelectedKeysOptimized(NioEventLoop.java:724)
at io.netty.channel.nio.NioEventLoop.processSelectedKeys(NioEventLoop.java:650)
at io.netty.channel.nio.NioEventLoop.run(NioEventLoop.java:562)
at io.netty.util.concurrent.SingleThreadEventExecutor$4.run(SingleThreadEventExecutor.java:997)
at io.netty.util.internal.ThreadExecutorMap$2.run(ThreadExecutorMap.java:74)
at io.netty.util.concurrent.FastThreadLocalRunnable.run(FastThreadLocalRunnable.java:30)
at java.base/java.lang.Thread.run(Thread.java:834)
... Removed 31 stack frames]]>
    </failure>
  </testcase> <!-- @BeforeMethod setUp -->
  <testcase classname="UI.TestZNGImp" name="@AfterMethod closeDown" time="0.0">
    <skipped/>
  </testcase> <!-- @AfterMethod closeDown -->
  <testcase classname="UI.TestZNGImp" name="@BeforeMethod setUp" time="0.0">
    <skipped/>
  </testcase> <!-- @BeforeMethod setUp -->
  <testcase classname="UI.TestZNGImp" name="@AfterMethod closeDown" time="0.0">
    <skipped/>
  </testcase> <!-- @AfterMethod closeDown -->
  <testcase classname="UI.TestZNGImp" name="@BeforeMethod setUp" time="0.0">
    <skipped/>
  </testcase> <!-- @BeforeMethod setUp -->
  <testcase classname="UI.TestZNGImp" name="@AfterMethod closeDown" time="0.0">
    <skipped/>
  </testcase> <!-- @AfterMethod closeDown -->
  <testcase classname="UI.LoginTest" name="performLogin" time="0.826"/>
  <testcase classname="UI.LoginTest" name="setUp" time="1.514"/>
  <testcase classname="UI.validUserNameInput" name="validateUsernameInputExists" time="0.018"/>
  <testcase classname="UI.passValidation" name="performLogin" time="0.802"/>
  <testcase classname="UI.passValidation" name="validateUsernameInputExists" time="0.016"/>
  <testcase classname="UI.passValidation" name="validatePasswordInputExists" time="0.015"/>
  <testcase classname="UI.placeHolderValidation" name="performLogin" time="0.797"/>
  <testcase classname="UI.placeHolderValidation" name="validateUsernameInputExists" time="0.015"/>
  <testcase classname="UI.placeHolderValidation" name="validatePasswordInputExists" time="0.02"/>
  <testcase classname="UI.placeHolderValidation" name="validateLoginButtonExists" time="0.016"/>
  <testcase classname="UI.placeHolderValidation" name="validatePlaceholders" time="0.065"/>
  <testcase classname="UI.placeHolderValidation" name="validateLoginButtonValue" time="0.032"/>
  <testcase classname="UI.TestZNGImp" name="performLogin" time="0.807"/>
  <testcase classname="UI.TestZNGImp" name="validateUsernameInputExists" time="0.014"/>
  <testcase classname="UI.TestZNGImp" name="validatePasswordInputExists" time="0.014"/>
  <testcase classname="UI.TestZNGImp" name="validateLoginButtonExists" time="0.0">
    <skipped/>
  </testcase> <!-- validateLoginButtonExists -->
  <testcase classname="UI.TestZNGImp" name="validatePlaceholders" time="0.0">
    <skipped/>
  </testcase> <!-- validatePlaceholders -->
  <testcase classname="UI.TestZNGImp" name="validateLoginButtonValue" time="0.0">
    <skipped/>
  </testcase> <!-- validateLoginButtonValue -->
</testsuite> <!-- Login Page Testing -->
